Vivado Simulator v2022.2
Copyright 1986-1999, 2001-2022 Xilinx, Inc. All Rights Reserved.
Running: D:/Vivado/2022.2/bin/unwrapped/win64.o/xelab.exe --incr --debug typical --relax --mt 2 -L xil_defaultlib -L secureip --snapshot test2_behav xil_defaultlib.test2 -log elaborate.log 
Using 2 slave threads.
Starting static elaboration
Completed static elaboration
Starting simulation data flow analysis
Completed simulation data flow analysis
Time Resolution for simulation is 1ps
Compiling package std.standard
Compiling package std.textio
Compiling package ieee.std_logic_1164
Compiling package ieee.std_logic_arith
Compiling package ieee.std_logic_unsigned
Compiling architecture behavioral of entity xil_defaultlib.dff [dff_default]
Compiling architecture behavioral of entity xil_defaultlib.mux2 [mux2_default]
Compiling architecture behavioral of entity xil_defaultlib.inv [inv_default]
Compiling architecture behavioral of entity xil_defaultlib.xor2 [xor2_default]
Compiling architecture behavioral of entity xil_defaultlib.automat2 [automat2_default]
Compiling architecture behavioral of entity xil_defaultlib.test2
Built simulation snapshot test2_behav
